<?xml version="1.0" encoding="UTF-8"?>
<!-- Generated by org.testng.reporters.JUnitXMLReporter -->
<testsuite ignored="1" hostname="DESKTOP-LOUJFRQ" failures="0" tests="1" name="NegativeTest" time="30.752" errors="0" timestamp="2021-01-21T15:33:36 CST">
  <testcase classname="com.herokuapp.theinternet.NegativeTest" name="incorrectPasswordTest" time="30.696"/>
  <testcase classname="com.herokuapp.theinternet.NegativeTest" name="incorrectUserNameTest" time="0.0">
    <ignored/>
  </testcase> <!-- incorrectUserNameTest -->
</testsuite> <!-- NegativeTest -->
