<?xml version="1.0" encoding="UTF-8"?>
<!-- Generated by org.testng.reporters.JUnitXMLReporter -->
<testsuite ignored="1" hostname="DESKTOP-LOUJFRQ" failures="0" tests="1" name="NegativePasswordTest" time="17.279" errors="0" timestamp="2021-01-27T00:31:24 CST">
  <testcase classname="com.herokuapp.theinternet.LoginTests" name="incorrectLoginTests" time="9.75"/>
  <testcase classname="com.herokuapp.theinternet.LoginTests" name="PositiveLoginTest" time="0.0">
    <ignored/>
  </testcase> <!-- PositiveLoginTest -->
</testsuite> <!-- NegativePasswordTest -->
