<?xml version="1.0" encoding="UTF-8"?>
<!-- Generated by org.testng.reporters.JUnitXMLReporter -->
<testsuite ignored="1" hostname="DESKTOP-LOUJFRQ" failures="0" tests="1" name="PositiveTests" time="411.982" errors="0" timestamp="2021-01-29T16:21:58 CST">
  <testcase classname="com.herokuapp.theinternet.LoginTests" name="PositiveLoginTest" time="402.616"/>
  <testcase classname="com.herokuapp.theinternet.LoginTests" name="incorrectLoginTests" time="0.0">
    <ignored/>
  </testcase> <!-- incorrectLoginTests -->
</testsuite> <!-- PositiveTests -->
