<?xml version="1.0" encoding="UTF-8"?>
<!-- Generated by org.testng.reporters.JUnitXMLReporter -->
<testsuite ignored="0" hostname="DESKTOP-LOUJFRQ" failures="0" tests="2" name="NegativeTest" time="40.949" errors="0" timestamp="2021-01-19T19:02:08 CST">
  <testcase classname="com.herokuapp.theinternet.NegativeTest" name="incorrectPasswordTest" time="20.168"/>
  <testcase classname="com.herokuapp.theinternet.NegativeTest" name="incorrectUserNameTest" time="20.776"/>
</testsuite> <!-- NegativeTest -->
