<?xml version="1.0" encoding="UTF-8"?>
<!-- Generated by org.testng.reporters.JUnitXMLReporter -->
<testsuite ignored="4" hostname="DESKTOP-LOUJFRQ" failures="0" tests="1" name="NotVisisbleTest" time="21.19" errors="0" timestamp="2021-01-30T22:06:35 CST">
  <testcase classname="com.herokuapp.theinternet.ExceptionsTests" name="disabledElementTest" time="11.363"/>
  <testcase classname="com.herokuapp.theinternet.ExceptionsTests" name="notVisibleTest" time="0.0">
    <ignored/>
  </testcase> <!-- notVisibleTest -->
  <testcase classname="com.herokuapp.theinternet.ExceptionsTests" name="noSuchElementTest" time="0.0">
    <ignored/>
  </testcase> <!-- noSuchElementTest -->
  <testcase classname="com.herokuapp.theinternet.ExceptionsTests" name="timeOutTests" time="0.0">
    <ignored/>
  </testcase> <!-- timeOutTests -->
  <testcase classname="com.herokuapp.theinternet.ExceptionsTests" name="staleElementTest" time="0.0">
    <ignored/>
  </testcase> <!-- staleElementTest -->
</testsuite> <!-- NotVisisbleTest -->
