<?xml version="1.0" encoding="UTF-8"?>
<!-- Generated by org.testng.reporters.JUnitXMLReporter -->
<testsuite ignored="2" hostname="DESKTOP-LOUJFRQ" failures="0" tests="0" time="0.014" errors="0" timestamp="2021-01-20T21:49:56 CST">
  <testcase classname="com.herokuapp.theinternet.NegativeTest" name="incorrectPasswordTest" time="0.0">
    <ignored/>
  </testcase> <!-- incorrectPasswordTest -->
  <testcase classname="com.herokuapp.theinternet.NegativeTest" name="incorrectUserNameTest" time="0.0">
    <ignored/>
  </testcase> <!-- incorrectUserNameTest -->
</testsuite>
